
--------------------------------------------------
TXLib соболезнует...

Программа: C:\Users\Дарья\Desktop\Новая папка\Mandelbrot\a.exe, файл: txlib.h, строка: 13323, функция: bool {anonymous}::TX::txSetPixel(double, double, COLORREF, HDC),

Сообщение: Окно рисования не создано или не в порядке.
Если вы указали параметр "dc", то он неверен.

#1: TXLib [Ver: 00173a, Rev: 173, Date: 2024-06-23 22:37:05 +0400], Instance: 0x0043E71C (32-bit), Flags: CMdrE0, Thread: 0x3080 (Main). 

--------------------------------------------------
Стек вызовов:



--------------------------------------------------
Developed with:

The Dumb Artist Library (TX Library)
TXLib [Ver: 00173a, Rev: 173, Date: 2024-06-23 22:37:05 +0400]
Copyright (C) Ded (Ilya Dedinsky, http://txlib.ru) <mail@txlib.ru>
See license on: http://txlib.ru

TXLib file:	txlib.h
Compiled:	Mar 29 2025 00:39:15, GNU g++ 6.3.0, std=201402L, MinGW Runtime 5.0, 32-bit, Debug
Started:	Mar 29 2025 00:39:19

Run file:	C:\Users\Дарья\Desktop\Новая папка\Mandelbrot\a.exe
Directory:	C:\Users\Дарья\Desktop\Новая папка\Mandelbrot

--------------------------------------------------

--------------------------------------------------
TXLib соболезнует...

Программа: C:\Users\Дарья\Desktop\Новая папка\Mandelbrot\a.exe, файл: txlib.h, строка: 13323, функция: bool {anonymous}::TX::txSetPixel(double, double, COLORREF, HDC),

Сообщение: Окно рисования не создано или не в порядке.
Если вы указали параметр "dc", то он неверен.

#1: TXLib [Ver: 00173a, Rev: 173, Date: 2024-06-23 22:37:05 +0400], Instance: 0x0043E71C (32-bit), Flags: CMdrE0, Thread: 0x7CBC (Main). 

--------------------------------------------------
Стек вызовов:



--------------------------------------------------
Developed with:

The Dumb Artist Library (TX Library)
TXLib [Ver: 00173a, Rev: 173, Date: 2024-06-23 22:37:05 +0400]
Copyright (C) Ded (Ilya Dedinsky, http://txlib.ru) <mail@txlib.ru>
See license on: http://txlib.ru

TXLib file:	txlib.h
Compiled:	Mar 29 2025 00:48:38, GNU g++ 6.3.0, std=201402L, MinGW Runtime 5.0, 32-bit, Debug
Started:	Mar 29 2025 00:48:49

Run file:	C:\Users\Дарья\Desktop\Новая папка\Mandelbrot\a.exe
Directory:	C:\Users\Дарья\Desktop\Новая папка\Mandelbrot

--------------------------------------------------

--------------------------------------------------
TXLib соболезнует...

Программа: C:\Users\Дарья\Desktop\Новая папка\Mandelbrot\a.exe, файл: txlib.h, строка: 13323, функция: bool {anonymous}::TX::txSetPixel(double, double, COLORREF, HDC),

Сообщение: Окно рисования не создано или не в порядке.
Если вы указали параметр "dc", то он неверен.

#1: TXLib [Ver: 00173a, Rev: 173, Date: 2024-06-23 22:37:05 +0400], Instance: 0x0043E71C (32-bit), Flags: CMdRE0, Thread: 0x47B8 (Main), GetLastError(): 87 (Параметр задан неверно). 

--------------------------------------------------
Стек вызовов:



--------------------------------------------------
Developed with:

The Dumb Artist Library (TX Library)
TXLib [Ver: 00173a, Rev: 173, Date: 2024-06-23 22:37:05 +0400]
Copyright (C) Ded (Ilya Dedinsky, http://txlib.ru) <mail@txlib.ru>
See license on: http://txlib.ru

TXLib file:	txlib.h
Compiled:	Mar 29 2025 00:49:14, GNU g++ 6.3.0, std=201402L, MinGW Runtime 5.0, 32-bit, Debug
Started:	Mar 29 2025 00:49:17

Run file:	C:\Users\Дарья\Desktop\Новая папка\Mandelbrot\a.exe
Directory:	C:\Users\Дарья\Desktop\Новая папка\Mandelbrot

--------------------------------------------------

--------------------------------------------------
TXLib соболезнует...

Программа: C:\Users\Дарья\Desktop\Новая папка\Mandelbrot\a.exe, файл: txlib.h, строка: 13323, функция: bool {anonymous}::TX::txSetPixel(double, double, COLORREF, HDC),

Сообщение: Окно рисования не создано или не в порядке.
Если вы указали параметр "dc", то он неверен.

#1: TXLib [Ver: 00173a, Rev: 173, Date: 2024-06-23 22:37:05 +0400], Instance: 0x0043E71C (32-bit), Flags: CMdRE0, Thread: 0x7C70 (Main). 

--------------------------------------------------
Стек вызовов:



--------------------------------------------------
Developed with:

The Dumb Artist Library (TX Library)
TXLib [Ver: 00173a, Rev: 173, Date: 2024-06-23 22:37:05 +0400]
Copyright (C) Ded (Ilya Dedinsky, http://txlib.ru) <mail@txlib.ru>
See license on: http://txlib.ru

TXLib file:	txlib.h
Compiled:	Mar 29 2025 00:49:55, GNU g++ 6.3.0, std=201402L, MinGW Runtime 5.0, 32-bit, Debug
Started:	Mar 29 2025 00:49:58

Run file:	C:\Users\Дарья\Desktop\Новая папка\Mandelbrot\a.exe
Directory:	C:\Users\Дарья\Desktop\Новая папка\Mandelbrot

--------------------------------------------------
